{"level":"info","time":"2025-10-11 11:36:16.227","line":"src\\core\\app.go:54","msg":"init pprof","service":"alanswap"}
{"level":"info","time":"2025-10-11 11:36:16.228","line":"src\\core\\db\\pgsql.go:14","msg":"Init Pgsql","service":"alanswap"}
{"level":"info","time":"2025-10-11 11:36:46.338","line":"src\\core\\app.go:54","msg":"init pprof","service":"alanswap"}
{"level":"info","time":"2025-10-11 11:36:46.338","line":"src\\core\\db\\pgsql.go:14","msg":"Init Pgsql","service":"alanswap"}
{"level":"info","time":"2025-10-11 11:38:14.250","line":"src\\core\\app.go:54","msg":"init pprof","service":"alanswap"}
{"level":"info","time":"2025-10-11 11:38:14.250","line":"src\\core\\db\\pgsql.go:14","msg":"Init Pgsql","service":"alanswap"}
{"level":"info","time":"2025-10-11 11:38:14.266","line":"src\\core\\db\\redis.go:18","msg":"Init Redis","service":"alanswap"}
{"level":"error","time":"2025-10-11 11:38:14.316","line":"src\\core\\db\\redis.go:31","msg":"Failed to connect to Redis: NOAUTH Authentication required.","service":"alanswap"}
{"level":"info","time":"2025-10-11 11:38:36.314","line":"src\\core\\app.go:54","msg":"init pprof","service":"alanswap"}
{"level":"info","time":"2025-10-11 11:38:36.315","line":"src\\core\\db\\pgsql.go:14","msg":"Init Pgsql","service":"alanswap"}
{"level":"error","time":"2025-10-11 11:38:36.317","line":"src\\core\\app.go:58","msg":"init pprof error","service":"alanswap","error":"listen tcp 0.0.0.0:6060: bind: Only one usage of each socket address (protocol/network address/port) is normally permitted."}
{"level":"info","time":"2025-10-11 11:38:36.332","line":"src\\core\\db\\redis.go:18","msg":"Init Redis","service":"alanswap"}
{"level":"error","time":"2025-10-11 11:38:36.373","line":"src\\core\\db\\redis.go:31","msg":"Failed to connect to Redis: NOAUTH Authentication required.","service":"alanswap"}
{"level":"info","time":"2025-10-11 14:22:38.858","line":"src\\core\\app.go:56","msg":"init pprof","service":"alanswap"}
{"level":"info","time":"2025-10-11 14:22:38.858","line":"src\\core\\db\\pgsql.go:14","msg":"Init Pgsql","service":"alanswap"}
{"level":"info","time":"2025-10-11 14:22:38.878","line":"src\\core\\db\\redis.go:18","msg":"Init Redis","service":"alanswap"}
{"level":"info","time":"2025-10-11 14:22:38.884","line":"src\\core\\db\\redis.go:33","msg":"Redis connect success","service":"alanswap"}
{"level":"info","time":"2025-10-11 14:22:38.884","line":"src\\core\\app.go:75","msg":"正在初始化链客户端","service":"alanswap","chain_id":11155111,"endpoint":"https://sepolia.infura.io/v3/96a918f215974f62b5db9a1907540819"}
{"level":"info","time":"2025-10-11 14:22:38.884","line":"src\\core\\app.go:83","msg":"链客户端初始化成功","service":"alanswap","chain_id":11155111}
{"level":"info","time":"2025-10-11 14:22:38.984","line":"src\\app\\sync\\sync.go:25","msg":"启动流动性池监听服务","service":"alanswap"}
{"level":"info","time":"2025-10-11 14:22:38.984","line":"src\\app\\sync\\liquidity_pool_sync.go:34","msg":"启动流动性池事件监听","service":"alanswap","chain_id":11155111}
{"level":"error","time":"2025-10-11 14:22:38.984","line":"src\\app\\sync\\liquidity_pool_sync.go:39","msg":"DEX合约地址未配置","service":"alanswap","chain_id":11155111}
{"level":"info","time":"2025-10-11 14:49:38.655","line":"src\\core\\app.go:56","msg":"init pprof","service":"alanswap"}
{"level":"info","time":"2025-10-11 14:49:38.656","line":"src\\core\\db\\pgsql.go:14","msg":"Init Pgsql","service":"alanswap"}
{"level":"info","time":"2025-10-11 14:49:38.677","line":"src\\core\\db\\redis.go:18","msg":"Init Redis","service":"alanswap"}
{"level":"info","time":"2025-10-11 14:49:38.688","line":"src\\core\\db\\redis.go:33","msg":"Redis connect success","service":"alanswap"}
{"level":"info","time":"2025-10-11 14:49:38.688","line":"src\\core\\app.go:75","msg":"正在初始化链客户端","service":"alanswap","chain_id":11155111,"endpoint":"https://sepolia.infura.io/v3/96a918f215974f62b5db9a1907540819"}
{"level":"info","time":"2025-10-11 14:49:38.688","line":"src\\core\\app.go:83","msg":"链客户端初始化成功","service":"alanswap","chain_id":11155111}
{"level":"info","time":"2025-10-11 14:49:38.789","line":"src\\app\\sync\\sync.go:25","msg":"启动流动性池监听服务","service":"alanswap"}
{"level":"info","time":"2025-10-11 14:49:38.789","line":"src\\app\\sync\\liquidity_pool_sync.go:33","msg":"启动流动性池事件监听","service":"alanswap","chain_id":11155111}
{"level":"error","time":"2025-10-11 14:49:38.794","line":"src\\app\\sync\\liquidity_pool_sync.go:46","msg":"DEX合约地址未配置","service":"alanswap","chain_id":11155111}
{"level":"info","time":"2025-10-11 14:51:49.054","line":"src\\core\\app.go:56","msg":"init pprof","service":"alanswap"}
{"level":"info","time":"2025-10-11 14:51:49.055","line":"src\\core\\db\\pgsql.go:14","msg":"Init Pgsql","service":"alanswap"}
{"level":"info","time":"2025-10-11 14:51:49.072","line":"src\\core\\db\\redis.go:18","msg":"Init Redis","service":"alanswap"}
{"level":"info","time":"2025-10-11 14:51:49.086","line":"src\\core\\db\\redis.go:33","msg":"Redis connect success","service":"alanswap"}
{"level":"info","time":"2025-10-11 14:51:49.086","line":"src\\core\\app.go:75","msg":"正在初始化链客户端","service":"alanswap","chain_id":11155111,"endpoint":"https://sepolia.infura.io/v3/96a918f215974f62b5db9a1907540819"}
{"level":"info","time":"2025-10-11 14:51:49.086","line":"src\\core\\app.go:83","msg":"链客户端初始化成功","service":"alanswap","chain_id":11155111}
{"level":"info","time":"2025-10-11 14:51:49.187","line":"src\\app\\sync\\sync.go:25","msg":"启动流动性池监听服务","service":"alanswap"}
{"level":"info","time":"2025-10-11 14:51:49.187","line":"src\\app\\sync\\liquidity_pool_sync.go:33","msg":"启动流动性池事件监听","service":"alanswap","chain_id":11155111}
{"level":"info","time":"2025-10-11 14:52:03.554","line":"src\\app\\sync\\liquidity_pool_sync.go:92","msg":"开始监听流动性池事件","service":"alanswap","from_block":9386080,"to_block":9387080}
{"level":"info","time":"2025-10-11 14:52:03.814","line":"src\\app\\sync\\liquidity_pool_sync.go:132","msg":"解析流动性池事件成功","service":"alanswap","event_count":5}
{"level":"error","time":"2025-10-11 14:52:03.818","line":"src\\app\\sync\\liquidity_pool_sync.go:268","msg":"批量插入流动性池事件失败","service":"alanswap","error":"ERROR: invalid input syntax for type numeric: \"\" (SQLSTATE 22P02)"}
{"level":"error","time":"2025-10-11 14:52:03.819","line":"src\\app\\sync\\liquidity_pool_sync.go:136","msg":"保存流动性池事件失败","service":"alanswap","error":"ERROR: invalid input syntax for type numeric: \"\" (SQLSTATE 22P02)"}
{"level":"info","time":"2025-10-11 14:52:13.445","line":"src\\app\\sync\\liquidity_pool_sync.go:92","msg":"开始监听流动性池事件","service":"alanswap","from_block":9386080,"to_block":9387080}
{"level":"info","time":"2025-10-11 14:52:13.696","line":"src\\app\\sync\\liquidity_pool_sync.go:132","msg":"解析流动性池事件成功","service":"alanswap","event_count":5}
{"level":"error","time":"2025-10-11 14:52:13.700","line":"src\\app\\sync\\liquidity_pool_sync.go:268","msg":"批量插入流动性池事件失败","service":"alanswap","error":"ERROR: invalid input syntax for type numeric: \"\" (SQLSTATE 22P02)"}
{"level":"error","time":"2025-10-11 14:52:13.701","line":"src\\app\\sync\\liquidity_pool_sync.go:136","msg":"保存流动性池事件失败","service":"alanswap","error":"ERROR: invalid input syntax for type numeric: \"\" (SQLSTATE 22P02)"}
{"level":"info","time":"2025-10-11 14:52:25.444","line":"src\\app\\sync\\liquidity_pool_sync.go:92","msg":"开始监听流动性池事件","service":"alanswap","from_block":9386080,"to_block":9387080}
{"level":"info","time":"2025-10-11 14:52:25.698","line":"src\\app\\sync\\liquidity_pool_sync.go:132","msg":"解析流动性池事件成功","service":"alanswap","event_count":5}
{"level":"error","time":"2025-10-11 14:52:25.701","line":"src\\app\\sync\\liquidity_pool_sync.go:268","msg":"批量插入流动性池事件失败","service":"alanswap","error":"ERROR: invalid input syntax for type numeric: \"\" (SQLSTATE 22P02)"}
{"level":"error","time":"2025-10-11 14:52:25.703","line":"src\\app\\sync\\liquidity_pool_sync.go:136","msg":"保存流动性池事件失败","service":"alanswap","error":"ERROR: invalid input syntax for type numeric: \"\" (SQLSTATE 22P02)"}
{"level":"info","time":"2025-10-11 14:52:37.445","line":"src\\app\\sync\\liquidity_pool_sync.go:92","msg":"开始监听流动性池事件","service":"alanswap","from_block":9386080,"to_block":9387080}
{"level":"info","time":"2025-10-11 14:52:37.706","line":"src\\app\\sync\\liquidity_pool_sync.go:132","msg":"解析流动性池事件成功","service":"alanswap","event_count":5}
{"level":"error","time":"2025-10-11 14:52:37.709","line":"src\\app\\sync\\liquidity_pool_sync.go:268","msg":"批量插入流动性池事件失败","service":"alanswap","error":"ERROR: invalid input syntax for type numeric: \"\" (SQLSTATE 22P02)"}
{"level":"error","time":"2025-10-11 14:52:37.710","line":"src\\app\\sync\\liquidity_pool_sync.go:136","msg":"保存流动性池事件失败","service":"alanswap","error":"ERROR: invalid input syntax for type numeric: \"\" (SQLSTATE 22P02)"}
{"level":"info","time":"2025-10-11 14:52:49.447","line":"src\\app\\sync\\liquidity_pool_sync.go:92","msg":"开始监听流动性池事件","service":"alanswap","from_block":9386080,"to_block":9387080}
{"level":"info","time":"2025-10-11 14:52:49.711","line":"src\\app\\sync\\liquidity_pool_sync.go:132","msg":"解析流动性池事件成功","service":"alanswap","event_count":5}
{"level":"error","time":"2025-10-11 14:52:49.715","line":"src\\app\\sync\\liquidity_pool_sync.go:268","msg":"批量插入流动性池事件失败","service":"alanswap","error":"ERROR: invalid input syntax for type numeric: \"\" (SQLSTATE 22P02)"}
{"level":"error","time":"2025-10-11 14:52:49.715","line":"src\\app\\sync\\liquidity_pool_sync.go:136","msg":"保存流动性池事件失败","service":"alanswap","error":"ERROR: invalid input syntax for type numeric: \"\" (SQLSTATE 22P02)"}
{"level":"info","time":"2025-10-11 14:53:03.370","line":"src\\app\\sync\\liquidity_pool_sync.go:92","msg":"开始监听流动性池事件","service":"alanswap","from_block":9386080,"to_block":9387080}
{"level":"info","time":"2025-10-11 14:53:03.625","line":"src\\app\\sync\\liquidity_pool_sync.go:132","msg":"解析流动性池事件成功","service":"alanswap","event_count":5}
{"level":"error","time":"2025-10-11 14:53:03.628","line":"src\\app\\sync\\liquidity_pool_sync.go:268","msg":"批量插入流动性池事件失败","service":"alanswap","error":"ERROR: invalid input syntax for type numeric: \"\" (SQLSTATE 22P02)"}
{"level":"error","time":"2025-10-11 14:53:03.629","line":"src\\app\\sync\\liquidity_pool_sync.go:136","msg":"保存流动性池事件失败","service":"alanswap","error":"ERROR: invalid input syntax for type numeric: \"\" (SQLSTATE 22P02)"}
{"level":"info","time":"2025-10-11 14:53:13.440","line":"src\\app\\sync\\liquidity_pool_sync.go:92","msg":"开始监听流动性池事件","service":"alanswap","from_block":9386080,"to_block":9387080}
{"level":"info","time":"2025-10-11 14:53:13.693","line":"src\\app\\sync\\liquidity_pool_sync.go:132","msg":"解析流动性池事件成功","service":"alanswap","event_count":5}
{"level":"error","time":"2025-10-11 14:53:13.696","line":"src\\app\\sync\\liquidity_pool_sync.go:268","msg":"批量插入流动性池事件失败","service":"alanswap","error":"ERROR: invalid input syntax for type numeric: \"\" (SQLSTATE 22P02)"}
{"level":"error","time":"2025-10-11 14:53:13.696","line":"src\\app\\sync\\liquidity_pool_sync.go:136","msg":"保存流动性池事件失败","service":"alanswap","error":"ERROR: invalid input syntax for type numeric: \"\" (SQLSTATE 22P02)"}
{"level":"info","time":"2025-10-11 14:53:25.444","line":"src\\app\\sync\\liquidity_pool_sync.go:92","msg":"开始监听流动性池事件","service":"alanswap","from_block":9386080,"to_block":9387080}
{"level":"info","time":"2025-10-11 14:53:25.713","line":"src\\app\\sync\\liquidity_pool_sync.go:132","msg":"解析流动性池事件成功","service":"alanswap","event_count":5}
{"level":"error","time":"2025-10-11 14:53:25.716","line":"src\\app\\sync\\liquidity_pool_sync.go:268","msg":"批量插入流动性池事件失败","service":"alanswap","error":"ERROR: invalid input syntax for type numeric: \"\" (SQLSTATE 22P02)"}
{"level":"error","time":"2025-10-11 14:53:25.717","line":"src\\app\\sync\\liquidity_pool_sync.go:136","msg":"保存流动性池事件失败","service":"alanswap","error":"ERROR: invalid input syntax for type numeric: \"\" (SQLSTATE 22P02)"}
{"level":"info","time":"2025-10-11 14:53:37.445","line":"src\\app\\sync\\liquidity_pool_sync.go:92","msg":"开始监听流动性池事件","service":"alanswap","from_block":9386080,"to_block":9387080}
{"level":"info","time":"2025-10-11 14:53:37.720","line":"src\\app\\sync\\liquidity_pool_sync.go:132","msg":"解析流动性池事件成功","service":"alanswap","event_count":5}
{"level":"error","time":"2025-10-11 14:53:37.725","line":"src\\app\\sync\\liquidity_pool_sync.go:268","msg":"批量插入流动性池事件失败","service":"alanswap","error":"ERROR: invalid input syntax for type numeric: \"\" (SQLSTATE 22P02)"}
{"level":"error","time":"2025-10-11 14:53:37.725","line":"src\\app\\sync\\liquidity_pool_sync.go:136","msg":"保存流动性池事件失败","service":"alanswap","error":"ERROR: invalid input syntax for type numeric: \"\" (SQLSTATE 22P02)"}
{"level":"info","time":"2025-10-11 14:53:49.443","line":"src\\app\\sync\\liquidity_pool_sync.go:92","msg":"开始监听流动性池事件","service":"alanswap","from_block":9386080,"to_block":9387080}
{"level":"info","time":"2025-10-11 14:53:49.696","line":"src\\app\\sync\\liquidity_pool_sync.go:132","msg":"解析流动性池事件成功","service":"alanswap","event_count":5}
{"level":"error","time":"2025-10-11 14:53:49.703","line":"src\\app\\sync\\liquidity_pool_sync.go:268","msg":"批量插入流动性池事件失败","service":"alanswap","error":"ERROR: invalid input syntax for type numeric: \"\" (SQLSTATE 22P02)"}
{"level":"error","time":"2025-10-11 14:53:49.705","line":"src\\app\\sync\\liquidity_pool_sync.go:136","msg":"保存流动性池事件失败","service":"alanswap","error":"ERROR: invalid input syntax for type numeric: \"\" (SQLSTATE 22P02)"}
{"level":"info","time":"2025-10-11 14:54:01.446","line":"src\\app\\sync\\liquidity_pool_sync.go:92","msg":"开始监听流动性池事件","service":"alanswap","from_block":9386080,"to_block":9387080}
{"level":"info","time":"2025-10-11 14:54:01.700","line":"src\\app\\sync\\liquidity_pool_sync.go:132","msg":"解析流动性池事件成功","service":"alanswap","event_count":5}
{"level":"error","time":"2025-10-11 14:54:01.710","line":"src\\app\\sync\\liquidity_pool_sync.go:268","msg":"批量插入流动性池事件失败","service":"alanswap","error":"ERROR: invalid input syntax for type numeric: \"\" (SQLSTATE 22P02)"}
{"level":"error","time":"2025-10-11 14:54:01.711","line":"src\\app\\sync\\liquidity_pool_sync.go:136","msg":"保存流动性池事件失败","service":"alanswap","error":"ERROR: invalid input syntax for type numeric: \"\" (SQLSTATE 22P02)"}
{"level":"info","time":"2025-10-11 14:54:13.445","line":"src\\app\\sync\\liquidity_pool_sync.go:92","msg":"开始监听流动性池事件","service":"alanswap","from_block":9386080,"to_block":9387080}
{"level":"info","time":"2025-10-11 14:54:13.699","line":"src\\app\\sync\\liquidity_pool_sync.go:132","msg":"解析流动性池事件成功","service":"alanswap","event_count":5}
{"level":"error","time":"2025-10-11 14:54:13.705","line":"src\\app\\sync\\liquidity_pool_sync.go:268","msg":"批量插入流动性池事件失败","service":"alanswap","error":"ERROR: invalid input syntax for type numeric: \"\" (SQLSTATE 22P02)"}
{"level":"error","time":"2025-10-11 14:54:13.705","line":"src\\app\\sync\\liquidity_pool_sync.go:136","msg":"保存流动性池事件失败","service":"alanswap","error":"ERROR: invalid input syntax for type numeric: \"\" (SQLSTATE 22P02)"}
{"level":"info","time":"2025-10-11 14:54:25.461","line":"src\\app\\sync\\liquidity_pool_sync.go:92","msg":"开始监听流动性池事件","service":"alanswap","from_block":9386080,"to_block":9387080}
{"level":"info","time":"2025-10-11 14:54:25.721","line":"src\\app\\sync\\liquidity_pool_sync.go:132","msg":"解析流动性池事件成功","service":"alanswap","event_count":5}
{"level":"error","time":"2025-10-11 14:54:25.724","line":"src\\app\\sync\\liquidity_pool_sync.go:268","msg":"批量插入流动性池事件失败","service":"alanswap","error":"ERROR: invalid input syntax for type numeric: \"\" (SQLSTATE 22P02)"}
{"level":"error","time":"2025-10-11 14:54:25.725","line":"src\\app\\sync\\liquidity_pool_sync.go:136","msg":"保存流动性池事件失败","service":"alanswap","error":"ERROR: invalid input syntax for type numeric: \"\" (SQLSTATE 22P02)"}
{"level":"info","time":"2025-10-11 14:54:37.441","line":"src\\app\\sync\\liquidity_pool_sync.go:92","msg":"开始监听流动性池事件","service":"alanswap","from_block":9386080,"to_block":9387080}
{"level":"info","time":"2025-10-11 14:54:38.390","line":"src\\app\\sync\\liquidity_pool_sync.go:132","msg":"解析流动性池事件成功","service":"alanswap","event_count":5}
{"level":"error","time":"2025-10-11 14:54:38.393","line":"src\\app\\sync\\liquidity_pool_sync.go:268","msg":"批量插入流动性池事件失败","service":"alanswap","error":"ERROR: invalid input syntax for type numeric: \"\" (SQLSTATE 22P02)"}
{"level":"error","time":"2025-10-11 14:54:38.394","line":"src\\app\\sync\\liquidity_pool_sync.go:136","msg":"保存流动性池事件失败","service":"alanswap","error":"ERROR: invalid input syntax for type numeric: \"\" (SQLSTATE 22P02)"}
{"level":"info","time":"2025-10-11 14:54:49.444","line":"src\\app\\sync\\liquidity_pool_sync.go:92","msg":"开始监听流动性池事件","service":"alanswap","from_block":9386080,"to_block":9387080}
{"level":"info","time":"2025-10-11 14:54:49.695","line":"src\\app\\sync\\liquidity_pool_sync.go:132","msg":"解析流动性池事件成功","service":"alanswap","event_count":5}
{"level":"error","time":"2025-10-11 14:54:49.699","line":"src\\app\\sync\\liquidity_pool_sync.go:268","msg":"批量插入流动性池事件失败","service":"alanswap","error":"ERROR: invalid input syntax for type numeric: \"\" (SQLSTATE 22P02)"}
{"level":"error","time":"2025-10-11 14:54:49.700","line":"src\\app\\sync\\liquidity_pool_sync.go:136","msg":"保存流动性池事件失败","service":"alanswap","error":"ERROR: invalid input syntax for type numeric: \"\" (SQLSTATE 22P02)"}
{"level":"info","time":"2025-10-11 14:55:01.752","line":"src\\app\\sync\\liquidity_pool_sync.go:92","msg":"开始监听流动性池事件","service":"alanswap","from_block":9386080,"to_block":9387080}
{"level":"info","time":"2025-10-11 14:55:02.011","line":"src\\app\\sync\\liquidity_pool_sync.go:132","msg":"解析流动性池事件成功","service":"alanswap","event_count":5}
{"level":"error","time":"2025-10-11 14:55:02.018","line":"src\\app\\sync\\liquidity_pool_sync.go:268","msg":"批量插入流动性池事件失败","service":"alanswap","error":"ERROR: invalid input syntax for type numeric: \"\" (SQLSTATE 22P02)"}
{"level":"error","time":"2025-10-11 14:55:02.025","line":"src\\app\\sync\\liquidity_pool_sync.go:136","msg":"保存流动性池事件失败","service":"alanswap","error":"ERROR: invalid input syntax for type numeric: \"\" (SQLSTATE 22P02)"}
{"level":"info","time":"2025-10-11 14:55:13.440","line":"src\\app\\sync\\liquidity_pool_sync.go:92","msg":"开始监听流动性池事件","service":"alanswap","from_block":9386080,"to_block":9387080}
{"level":"info","time":"2025-10-11 14:55:13.713","line":"src\\app\\sync\\liquidity_pool_sync.go:132","msg":"解析流动性池事件成功","service":"alanswap","event_count":5}
{"level":"error","time":"2025-10-11 14:55:13.718","line":"src\\app\\sync\\liquidity_pool_sync.go:268","msg":"批量插入流动性池事件失败","service":"alanswap","error":"ERROR: invalid input syntax for type numeric: \"\" (SQLSTATE 22P02)"}
{"level":"error","time":"2025-10-11 14:55:13.718","line":"src\\app\\sync\\liquidity_pool_sync.go:136","msg":"保存流动性池事件失败","service":"alanswap","error":"ERROR: invalid input syntax for type numeric: \"\" (SQLSTATE 22P02)"}
{"level":"info","time":"2025-10-11 14:55:25.443","line":"src\\app\\sync\\liquidity_pool_sync.go:92","msg":"开始监听流动性池事件","service":"alanswap","from_block":9386080,"to_block":9387080}
{"level":"info","time":"2025-10-11 14:55:25.698","line":"src\\app\\sync\\liquidity_pool_sync.go:132","msg":"解析流动性池事件成功","service":"alanswap","event_count":5}
{"level":"error","time":"2025-10-11 14:55:25.704","line":"src\\app\\sync\\liquidity_pool_sync.go:268","msg":"批量插入流动性池事件失败","service":"alanswap","error":"ERROR: invalid input syntax for type numeric: \"\" (SQLSTATE 22P02)"}
{"level":"error","time":"2025-10-11 14:55:25.705","line":"src\\app\\sync\\liquidity_pool_sync.go:136","msg":"保存流动性池事件失败","service":"alanswap","error":"ERROR: invalid input syntax for type numeric: \"\" (SQLSTATE 22P02)"}
{"level":"info","time":"2025-10-11 14:55:37.454","line":"src\\app\\sync\\liquidity_pool_sync.go:92","msg":"开始监听流动性池事件","service":"alanswap","from_block":9386080,"to_block":9387080}
{"level":"info","time":"2025-10-11 14:55:37.938","line":"src\\app\\sync\\liquidity_pool_sync.go:132","msg":"解析流动性池事件成功","service":"alanswap","event_count":5}
{"level":"error","time":"2025-10-11 14:55:37.941","line":"src\\app\\sync\\liquidity_pool_sync.go:268","msg":"批量插入流动性池事件失败","service":"alanswap","error":"ERROR: invalid input syntax for type numeric: \"\" (SQLSTATE 22P02)"}
{"level":"error","time":"2025-10-11 14:55:37.944","line":"src\\app\\sync\\liquidity_pool_sync.go:136","msg":"保存流动性池事件失败","service":"alanswap","error":"ERROR: invalid input syntax for type numeric: \"\" (SQLSTATE 22P02)"}
{"level":"info","time":"2025-10-11 14:55:49.445","line":"src\\app\\sync\\liquidity_pool_sync.go:92","msg":"开始监听流动性池事件","service":"alanswap","from_block":9386080,"to_block":9387080}
{"level":"info","time":"2025-10-11 14:55:49.698","line":"src\\app\\sync\\liquidity_pool_sync.go:132","msg":"解析流动性池事件成功","service":"alanswap","event_count":5}
{"level":"error","time":"2025-10-11 14:55:49.703","line":"src\\app\\sync\\liquidity_pool_sync.go:268","msg":"批量插入流动性池事件失败","service":"alanswap","error":"ERROR: invalid input syntax for type numeric: \"\" (SQLSTATE 22P02)"}
{"level":"error","time":"2025-10-11 14:55:49.704","line":"src\\app\\sync\\liquidity_pool_sync.go:136","msg":"保存流动性池事件失败","service":"alanswap","error":"ERROR: invalid input syntax for type numeric: \"\" (SQLSTATE 22P02)"}
{"level":"info","time":"2025-10-11 14:56:01.440","line":"src\\app\\sync\\liquidity_pool_sync.go:92","msg":"开始监听流动性池事件","service":"alanswap","from_block":9386080,"to_block":9387080}
{"level":"info","time":"2025-10-11 14:56:01.695","line":"src\\app\\sync\\liquidity_pool_sync.go:132","msg":"解析流动性池事件成功","service":"alanswap","event_count":5}
{"level":"error","time":"2025-10-11 14:56:01.699","line":"src\\app\\sync\\liquidity_pool_sync.go:268","msg":"批量插入流动性池事件失败","service":"alanswap","error":"ERROR: invalid input syntax for type numeric: \"\" (SQLSTATE 22P02)"}
{"level":"error","time":"2025-10-11 14:56:01.700","line":"src\\app\\sync\\liquidity_pool_sync.go:136","msg":"保存流动性池事件失败","service":"alanswap","error":"ERROR: invalid input syntax for type numeric: \"\" (SQLSTATE 22P02)"}
{"level":"info","time":"2025-10-11 14:56:13.458","line":"src\\app\\sync\\liquidity_pool_sync.go:92","msg":"开始监听流动性池事件","service":"alanswap","from_block":9386080,"to_block":9387080}
{"level":"info","time":"2025-10-11 14:56:13.729","line":"src\\app\\sync\\liquidity_pool_sync.go:132","msg":"解析流动性池事件成功","service":"alanswap","event_count":5}
{"level":"error","time":"2025-10-11 14:56:13.733","line":"src\\app\\sync\\liquidity_pool_sync.go:268","msg":"批量插入流动性池事件失败","service":"alanswap","error":"ERROR: invalid input syntax for type numeric: \"\" (SQLSTATE 22P02)"}
{"level":"error","time":"2025-10-11 14:56:13.733","line":"src\\app\\sync\\liquidity_pool_sync.go:136","msg":"保存流动性池事件失败","service":"alanswap","error":"ERROR: invalid input syntax for type numeric: \"\" (SQLSTATE 22P02)"}
{"level":"info","time":"2025-10-11 14:56:25.444","line":"src\\app\\sync\\liquidity_pool_sync.go:92","msg":"开始监听流动性池事件","service":"alanswap","from_block":9386080,"to_block":9387080}
{"level":"info","time":"2025-10-11 14:56:25.696","line":"src\\app\\sync\\liquidity_pool_sync.go:132","msg":"解析流动性池事件成功","service":"alanswap","event_count":5}
{"level":"error","time":"2025-10-11 14:56:25.700","line":"src\\app\\sync\\liquidity_pool_sync.go:268","msg":"批量插入流动性池事件失败","service":"alanswap","error":"ERROR: invalid input syntax for type numeric: \"\" (SQLSTATE 22P02)"}
{"level":"error","time":"2025-10-11 14:56:25.700","line":"src\\app\\sync\\liquidity_pool_sync.go:136","msg":"保存流动性池事件失败","service":"alanswap","error":"ERROR: invalid input syntax for type numeric: \"\" (SQLSTATE 22P02)"}
{"level":"info","time":"2025-10-11 14:58:00.496","line":"src\\core\\app.go:56","msg":"init pprof","service":"alanswap"}
{"level":"info","time":"2025-10-11 14:58:00.497","line":"src\\core\\db\\pgsql.go:14","msg":"Init Pgsql","service":"alanswap"}
{"level":"info","time":"2025-10-11 14:58:00.516","line":"src\\core\\db\\redis.go:18","msg":"Init Redis","service":"alanswap"}
{"level":"info","time":"2025-10-11 14:58:00.521","line":"src\\core\\db\\redis.go:33","msg":"Redis connect success","service":"alanswap"}
{"level":"info","time":"2025-10-11 14:58:00.521","line":"src\\core\\app.go:75","msg":"正在初始化链客户端","service":"alanswap","chain_id":11155111,"endpoint":"https://sepolia.infura.io/v3/96a918f215974f62b5db9a1907540819"}
{"level":"info","time":"2025-10-11 14:58:00.521","line":"src\\core\\app.go:83","msg":"链客户端初始化成功","service":"alanswap","chain_id":11155111}
{"level":"info","time":"2025-10-11 14:58:00.622","line":"src\\app\\sync\\sync.go:25","msg":"启动流动性池监听服务","service":"alanswap"}
{"level":"info","time":"2025-10-11 14:58:00.622","line":"src\\app\\sync\\liquidity_pool_sync.go:33","msg":"启动流动性池事件监听","service":"alanswap","chain_id":11155111}
{"level":"info","time":"2025-10-11 14:58:13.712","line":"src\\app\\sync\\liquidity_pool_sync.go:92","msg":"开始监听流动性池事件","service":"alanswap","from_block":9386080,"to_block":9387080}
{"level":"info","time":"2025-10-11 14:58:13.977","line":"src\\app\\sync\\liquidity_pool_sync.go:132","msg":"解析流动性池事件成功","service":"alanswap","event_count":5}
{"level":"error","time":"2025-10-11 14:58:13.980","line":"src\\app\\sync\\liquidity_pool_sync.go:268","msg":"批量插入流动性池事件失败","service":"alanswap","error":"ERROR: invalid input syntax for type numeric: \"\" (SQLSTATE 22P02)"}
{"level":"error","time":"2025-10-11 14:58:13.981","line":"src\\app\\sync\\liquidity_pool_sync.go:136","msg":"保存流动性池事件失败","service":"alanswap","error":"ERROR: invalid input syntax for type numeric: \"\" (SQLSTATE 22P02)"}
{"level":"info","time":"2025-10-11 15:01:53.009","line":"src\\core\\app.go:56","msg":"init pprof","service":"alanswap"}
{"level":"info","time":"2025-10-11 15:01:53.009","line":"src\\core\\db\\pgsql.go:14","msg":"Init Pgsql","service":"alanswap"}
{"level":"info","time":"2025-10-11 15:01:53.026","line":"src\\core\\db\\redis.go:18","msg":"Init Redis","service":"alanswap"}
{"level":"info","time":"2025-10-11 15:01:53.032","line":"src\\core\\db\\redis.go:33","msg":"Redis connect success","service":"alanswap"}
{"level":"info","time":"2025-10-11 15:01:53.032","line":"src\\core\\app.go:75","msg":"正在初始化链客户端","service":"alanswap","chain_id":11155111,"endpoint":"https://sepolia.infura.io/v3/96a918f215974f62b5db9a1907540819"}
{"level":"info","time":"2025-10-11 15:01:53.032","line":"src\\core\\app.go:83","msg":"链客户端初始化成功","service":"alanswap","chain_id":11155111}
{"level":"info","time":"2025-10-11 15:01:53.133","line":"src\\app\\sync\\sync.go:25","msg":"启动流动性池监听服务","service":"alanswap"}
{"level":"info","time":"2025-10-11 15:01:53.134","line":"src\\app\\sync\\liquidity_pool_sync.go:33","msg":"启动流动性池事件监听","service":"alanswap","chain_id":11155111}
{"level":"error","time":"2025-10-11 15:01:53.140","line":"src\\app\\sync\\liquidity_pool_sync.go:46","msg":"DEX合约地址未配置","service":"alanswap","chain_id":11155111}
{"level":"info","time":"2025-10-11 15:02:05.961","line":"src\\core\\app.go:56","msg":"init pprof","service":"alanswap"}
{"level":"info","time":"2025-10-11 15:02:05.962","line":"src\\core\\db\\pgsql.go:14","msg":"Init Pgsql","service":"alanswap"}
{"level":"info","time":"2025-10-11 15:02:05.979","line":"src\\core\\db\\redis.go:18","msg":"Init Redis","service":"alanswap"}
{"level":"info","time":"2025-10-11 15:02:05.984","line":"src\\core\\db\\redis.go:33","msg":"Redis connect success","service":"alanswap"}
{"level":"info","time":"2025-10-11 15:02:05.984","line":"src\\core\\app.go:75","msg":"正在初始化链客户端","service":"alanswap","chain_id":11155111,"endpoint":"https://sepolia.infura.io/v3/96a918f215974f62b5db9a1907540819"}
{"level":"info","time":"2025-10-11 15:02:05.984","line":"src\\core\\app.go:83","msg":"链客户端初始化成功","service":"alanswap","chain_id":11155111}
{"level":"info","time":"2025-10-11 15:02:06.084","line":"src\\app\\sync\\sync.go:25","msg":"启动流动性池监听服务","service":"alanswap"}
{"level":"info","time":"2025-10-11 15:02:06.084","line":"src\\app\\sync\\liquidity_pool_sync.go:33","msg":"启动流动性池事件监听","service":"alanswap","chain_id":11155111}
{"level":"error","time":"2025-10-11 15:02:06.089","line":"src\\app\\sync\\liquidity_pool_sync.go:46","msg":"DEX合约地址未配置","service":"alanswap","chain_id":11155111}
{"level":"info","time":"2025-10-11 15:02:59.717","line":"src\\core\\app.go:56","msg":"init pprof","service":"alanswap"}
{"level":"info","time":"2025-10-11 15:02:59.718","line":"src\\core\\db\\pgsql.go:14","msg":"Init Pgsql","service":"alanswap"}
{"level":"info","time":"2025-10-11 15:02:59.737","line":"src\\core\\db\\redis.go:18","msg":"Init Redis","service":"alanswap"}
{"level":"info","time":"2025-10-11 15:02:59.745","line":"src\\core\\db\\redis.go:33","msg":"Redis connect success","service":"alanswap"}
{"level":"info","time":"2025-10-11 15:02:59.745","line":"src\\core\\app.go:75","msg":"正在初始化链客户端","service":"alanswap","chain_id":11155111,"endpoint":"https://sepolia.infura.io/v3/96a918f215974f62b5db9a1907540819"}
{"level":"info","time":"2025-10-11 15:02:59.745","line":"src\\core\\app.go:83","msg":"链客户端初始化成功","service":"alanswap","chain_id":11155111}
{"level":"info","time":"2025-10-11 15:02:59.846","line":"src\\app\\sync\\sync.go:25","msg":"启动流动性池监听服务","service":"alanswap"}
{"level":"info","time":"2025-10-11 15:02:59.846","line":"src\\app\\sync\\liquidity_pool_sync.go:33","msg":"启动流动性池事件监听","service":"alanswap","chain_id":11155111}
{"level":"error","time":"2025-10-11 15:02:59.852","line":"src\\app\\sync\\liquidity_pool_sync.go:46","msg":"DEX合约地址未配置","service":"alanswap","chain_id":11155111}
{"level":"info","time":"2025-10-11 15:04:41.822","line":"src\\core\\app.go:56","msg":"init pprof","service":"alanswap"}
{"level":"info","time":"2025-10-11 15:04:41.822","line":"src\\core\\db\\pgsql.go:14","msg":"Init Pgsql","service":"alanswap"}
{"level":"info","time":"2025-10-11 15:04:41.839","line":"src\\core\\db\\redis.go:18","msg":"Init Redis","service":"alanswap"}
{"level":"info","time":"2025-10-11 15:04:41.843","line":"src\\core\\db\\redis.go:33","msg":"Redis connect success","service":"alanswap"}
{"level":"info","time":"2025-10-11 15:04:41.843","line":"src\\core\\app.go:75","msg":"正在初始化链客户端","service":"alanswap","chain_id":11155111,"endpoint":"https://sepolia.infura.io/v3/96a918f215974f62b5db9a1907540819"}
{"level":"info","time":"2025-10-11 15:04:41.843","line":"src\\core\\app.go:83","msg":"链客户端初始化成功","service":"alanswap","chain_id":11155111}
{"level":"info","time":"2025-10-11 15:04:41.944","line":"src\\app\\sync\\sync.go:25","msg":"启动流动性池监听服务","service":"alanswap"}
{"level":"info","time":"2025-10-11 15:04:41.944","line":"src\\app\\sync\\liquidity_pool_sync.go:33","msg":"启动流动性池事件监听","service":"alanswap","chain_id":11155111}
{"level":"error","time":"2025-10-11 15:04:41.949","line":"src\\app\\sync\\liquidity_pool_sync.go:46","msg":"DEX合约地址未配置","service":"alanswap","chain_id":11155111}
{"level":"info","time":"2025-10-11 15:04:50.995","line":"src\\core\\app.go:56","msg":"init pprof","service":"alanswap"}
{"level":"info","time":"2025-10-11 15:04:50.995","line":"src\\core\\db\\pgsql.go:14","msg":"Init Pgsql","service":"alanswap"}
{"level":"info","time":"2025-10-11 15:04:51.012","line":"src\\core\\db\\redis.go:18","msg":"Init Redis","service":"alanswap"}
{"level":"info","time":"2025-10-11 15:04:51.022","line":"src\\core\\db\\redis.go:33","msg":"Redis connect success","service":"alanswap"}
{"level":"info","time":"2025-10-11 15:04:51.022","line":"src\\core\\app.go:75","msg":"正在初始化链客户端","service":"alanswap","chain_id":11155111,"endpoint":"https://sepolia.infura.io/v3/96a918f215974f62b5db9a1907540819"}
{"level":"info","time":"2025-10-11 15:04:51.022","line":"src\\core\\app.go:83","msg":"链客户端初始化成功","service":"alanswap","chain_id":11155111}
{"level":"info","time":"2025-10-11 15:04:51.123","line":"src\\app\\sync\\sync.go:25","msg":"启动流动性池监听服务","service":"alanswap"}
{"level":"info","time":"2025-10-11 15:04:51.123","line":"src\\app\\sync\\liquidity_pool_sync.go:33","msg":"启动流动性池事件监听","service":"alanswap","chain_id":11155111}
{"level":"info","time":"2025-10-11 15:05:05.876","line":"src\\app\\sync\\liquidity_pool_sync.go:92","msg":"开始监听流动性池事件","service":"alanswap","from_block":9386080,"to_block":9387080}
{"level":"info","time":"2025-10-11 15:05:06.147","line":"src\\app\\sync\\liquidity_pool_sync.go:132","msg":"解析流动性池事件成功","service":"alanswap","event_count":5}
{"level":"error","time":"2025-10-11 15:05:06.151","line":"src\\app\\sync\\liquidity_pool_sync.go:268","msg":"批量插入流动性池事件失败","service":"alanswap","error":"ERROR: invalid input syntax for type numeric: \"\" (SQLSTATE 22P02)"}
{"level":"error","time":"2025-10-11 15:05:06.151","line":"src\\app\\sync\\liquidity_pool_sync.go:136","msg":"保存流动性池事件失败","service":"alanswap","error":"ERROR: invalid input syntax for type numeric: \"\" (SQLSTATE 22P02)"}
{"level":"info","time":"2025-10-11 15:05:15.373","line":"src\\app\\sync\\liquidity_pool_sync.go:92","msg":"开始监听流动性池事件","service":"alanswap","from_block":9386080,"to_block":9387080}
{"level":"info","time":"2025-10-11 15:05:15.620","line":"src\\app\\sync\\liquidity_pool_sync.go:132","msg":"解析流动性池事件成功","service":"alanswap","event_count":5}
{"level":"error","time":"2025-10-11 15:05:15.623","line":"src\\app\\sync\\liquidity_pool_sync.go:268","msg":"批量插入流动性池事件失败","service":"alanswap","error":"ERROR: invalid input syntax for type numeric: \"\" (SQLSTATE 22P02)"}
{"level":"error","time":"2025-10-11 15:05:15.624","line":"src\\app\\sync\\liquidity_pool_sync.go:136","msg":"保存流动性池事件失败","service":"alanswap","error":"ERROR: invalid input syntax for type numeric: \"\" (SQLSTATE 22P02)"}
{"level":"info","time":"2025-10-11 15:11:27.256","line":"src\\core\\app.go:56","msg":"init pprof","service":"alanswap"}
{"level":"info","time":"2025-10-11 15:11:27.256","line":"src\\core\\db\\pgsql.go:14","msg":"Init Pgsql","service":"alanswap"}
{"level":"info","time":"2025-10-11 15:11:27.276","line":"src\\core\\db\\redis.go:18","msg":"Init Redis","service":"alanswap"}
{"level":"info","time":"2025-10-11 15:11:27.281","line":"src\\core\\db\\redis.go:33","msg":"Redis connect success","service":"alanswap"}
{"level":"info","time":"2025-10-11 15:11:27.281","line":"src\\core\\app.go:75","msg":"正在初始化链客户端","service":"alanswap","chain_id":11155111,"endpoint":"https://sepolia.infura.io/v3/96a918f215974f62b5db9a1907540819"}
{"level":"info","time":"2025-10-11 15:11:27.282","line":"src\\core\\app.go:83","msg":"链客户端初始化成功","service":"alanswap","chain_id":11155111}
{"level":"info","time":"2025-10-11 15:11:27.383","line":"src\\app\\sync\\sync.go:25","msg":"启动流动性池监听服务","service":"alanswap"}
{"level":"info","time":"2025-10-11 15:11:27.383","line":"src\\app\\sync\\liquidity_pool_sync.go:33","msg":"启动流动性池事件监听","service":"alanswap","chain_id":11155111}
{"level":"info","time":"2025-10-11 15:11:40.372","line":"src\\app\\sync\\liquidity_pool_sync.go:92","msg":"开始监听流动性池事件","service":"alanswap","from_block":9386080,"to_block":9387080}
{"level":"info","time":"2025-10-11 15:11:40.627","line":"src\\app\\sync\\liquidity_pool_sync.go:132","msg":"解析流动性池事件成功","service":"alanswap","event_count":5}
{"level":"error","time":"2025-10-11 15:11:40.645","line":"src\\app\\sync\\liquidity_pool_sync.go:324","msg":"创建流动性池记录失败","service":"alanswap","error":"ERROR: invalid input syntax for type numeric: \"\" (SQLSTATE 22P02)"}
{"level":"error","time":"2025-10-11 15:11:40.645","line":"src\\app\\sync\\liquidity_pool_sync.go:292","msg":"更新流动性池信息失败","service":"alanswap","error":"ERROR: invalid input syntax for type numeric: \"\" (SQLSTATE 22P02)"}
{"level":"error","time":"2025-10-11 15:11:40.648","line":"src\\app\\sync\\liquidity_pool_sync.go:136","msg":"保存流动性池事件失败","service":"alanswap","error":"ERROR: invalid input syntax for type numeric: \"\" (SQLSTATE 22P02)"}
{"level":"info","time":"2025-10-11 15:11:51.633","line":"src\\app\\sync\\liquidity_pool_sync.go:92","msg":"开始监听流动性池事件","service":"alanswap","from_block":9386080,"to_block":9387080}
{"level":"info","time":"2025-10-11 15:11:51.873","line":"src\\app\\sync\\liquidity_pool_sync.go:132","msg":"解析流动性池事件成功","service":"alanswap","event_count":5}
{"level":"error","time":"2025-10-11 15:11:51.878","line":"src\\app\\sync\\liquidity_pool_sync.go:324","msg":"创建流动性池记录失败","service":"alanswap","error":"ERROR: invalid input syntax for type numeric: \"\" (SQLSTATE 22P02)"}
{"level":"error","time":"2025-10-11 15:11:51.878","line":"src\\app\\sync\\liquidity_pool_sync.go:292","msg":"更新流动性池信息失败","service":"alanswap","error":"ERROR: invalid input syntax for type numeric: \"\" (SQLSTATE 22P02)"}
{"level":"error","time":"2025-10-11 15:11:51.880","line":"src\\app\\sync\\liquidity_pool_sync.go:136","msg":"保存流动性池事件失败","service":"alanswap","error":"ERROR: invalid input syntax for type numeric: \"\" (SQLSTATE 22P02)"}
{"level":"info","time":"2025-10-11 15:14:25.546","line":"src\\core\\app.go:56","msg":"init pprof","service":"alanswap"}
{"level":"info","time":"2025-10-11 15:14:25.546","line":"src\\core\\db\\pgsql.go:14","msg":"Init Pgsql","service":"alanswap"}
{"level":"info","time":"2025-10-11 15:14:25.564","line":"src\\core\\db\\redis.go:18","msg":"Init Redis","service":"alanswap"}
{"level":"info","time":"2025-10-11 15:14:25.575","line":"src\\core\\db\\redis.go:33","msg":"Redis connect success","service":"alanswap"}
{"level":"info","time":"2025-10-11 15:14:25.575","line":"src\\core\\app.go:75","msg":"正在初始化链客户端","service":"alanswap","chain_id":11155111,"endpoint":"https://sepolia.infura.io/v3/96a918f215974f62b5db9a1907540819"}
{"level":"info","time":"2025-10-11 15:14:25.575","line":"src\\core\\app.go:83","msg":"链客户端初始化成功","service":"alanswap","chain_id":11155111}
{"level":"info","time":"2025-10-11 15:14:25.676","line":"src\\app\\sync\\sync.go:25","msg":"启动流动性池监听服务","service":"alanswap"}
{"level":"info","time":"2025-10-11 15:14:25.676","line":"src\\app\\sync\\liquidity_pool_sync.go:33","msg":"启动流动性池事件监听","service":"alanswap","chain_id":11155111}
{"level":"info","time":"2025-10-11 15:14:39.000","line":"src\\app\\sync\\liquidity_pool_sync.go:92","msg":"开始监听流动性池事件","service":"alanswap","from_block":9386080,"to_block":9387080}
{"level":"info","time":"2025-10-11 15:14:39.281","line":"src\\app\\sync\\liquidity_pool_sync.go:132","msg":"解析流动性池事件成功","service":"alanswap","event_count":5}
{"level":"info","time":"2025-10-11 15:14:49.933","line":"src\\app\\sync\\liquidity_pool_sync.go:92","msg":"开始监听流动性池事件","service":"alanswap","from_block":9387081,"to_block":9387646}
{"level":"info","time":"2025-10-11 15:14:50.188","line":"src\\app\\sync\\liquidity_pool_sync.go:132","msg":"解析流动性池事件成功","service":"alanswap","event_count":3}
{"level":"info","time":"2025-10-11 15:15:13.939","line":"src\\app\\sync\\liquidity_pool_sync.go:92","msg":"开始监听流动性池事件","service":"alanswap","from_block":9387647,"to_block":9387648}
{"level":"info","time":"2025-10-11 15:15:25.956","line":"src\\app\\sync\\liquidity_pool_sync.go:92","msg":"开始监听流动性池事件","service":"alanswap","from_block":9387647,"to_block":9387649}
{"level":"info","time":"2025-10-11 15:15:37.938","line":"src\\app\\sync\\liquidity_pool_sync.go:92","msg":"开始监听流动性池事件","service":"alanswap","from_block":9387647,"to_block":9387650}
{"level":"info","time":"2025-10-14 09:37:21.893","line":"src\\core\\app.go:59","msg":"init pprof","service":"alanswap"}
{"level":"info","time":"2025-10-14 09:37:21.893","line":"src\\core\\db\\pgsql.go:14","msg":"Init Pgsql","service":"alanswap"}
{"level":"info","time":"2025-10-14 09:37:21.913","line":"src\\core\\db\\redis.go:18","msg":"Init Redis","service":"alanswap"}
{"level":"info","time":"2025-10-14 09:37:21.920","line":"src\\core\\db\\redis.go:33","msg":"Redis connect success","service":"alanswap"}
{"level":"info","time":"2025-10-14 09:37:21.921","line":"src\\core\\app.go:78","msg":"正在初始化链客户端","service":"alanswap","chain_id":11155111,"endpoint":"https://sepolia.infura.io/v3/96a918f215974f62b5db9a1907540819"}
{"level":"info","time":"2025-10-14 09:37:21.921","line":"src\\core\\app.go:86","msg":"链客户端初始化成功","service":"alanswap","chain_id":11155111}
{"level":"info","time":"2025-10-14 09:37:21.922","line":"src\\abi\\abi_manager.go:62","msg":"ABI加载成功","service":"alanswap","abiName":"UniswapV2Pair"}
{"level":"info","time":"2025-10-14 09:37:21.922","line":"src\\abi\\abi_manager.go:62","msg":"ABI加载成功","service":"alanswap","abiName":"ERC20"}
{"level":"info","time":"2025-10-14 09:37:21.923","line":"src\\abi\\abi_manager.go:62","msg":"ABI加载成功","service":"alanswap","abiName":"UniswapV2Factory"}
{"level":"info","time":"2025-10-14 09:37:21.923","line":"src\\abi\\abi_manager.go:116","msg":"ABI管理器初始化完成","service":"alanswap"}
{"level":"info","time":"2025-10-14 09:37:21.938","line":"src\\app\\sync\\sync.go:37","msg":"开始启动统一事件监听","service":"alanswap","chain_count":1}
{"level":"info","time":"2025-10-14 09:37:21.938","line":"src\\app\\sync\\sync.go:51","msg":"启动统一事件监听","service":"alanswap","chain_id":11155111}
{"level":"info","time":"2025-10-14 09:37:34.885","line":"src\\app\\sync\\sync.go:103","msg":"开始监听事件日志","service":"alanswap","from_block":9387650,"to_block":9388650,"contract_address":"0x72e46e15ef83c896de44B1874B4AF7dDAB5b4F74"}
{"level":"info","time":"2025-10-14 09:37:35.595","line":"src\\app\\sync\\sync.go:176","msg":"解析流动性池事件成功","service":"alanswap","event_count":1}
{"level":"info","time":"2025-10-14 09:37:46.166","line":"src\\app\\sync\\sync.go:103","msg":"开始监听事件日志","service":"alanswap","from_block":9388651,"to_block":9389651,"contract_address":"0x72e46e15ef83c896de44B1874B4AF7dDAB5b4F74"}
{"level":"info","time":"2025-10-14 09:37:47.783","line":"src\\app\\sync\\sync.go:176","msg":"解析流动性池事件成功","service":"alanswap","event_count":3}
{"level":"info","time":"2025-10-14 09:37:58.166","line":"src\\app\\sync\\sync.go:103","msg":"开始监听事件日志","service":"alanswap","from_block":9389652,"to_block":9390652,"contract_address":"0x72e46e15ef83c896de44B1874B4AF7dDAB5b4F74"}
{"level":"info","time":"2025-10-14 09:37:59.305","line":"src\\app\\sync\\sync.go:176","msg":"解析流动性池事件成功","service":"alanswap","event_count":2}
{"level":"info","time":"2025-10-14 09:40:26.445","line":"src\\core\\app.go:59","msg":"init pprof","service":"alanswap"}
{"level":"info","time":"2025-10-14 09:40:26.446","line":"src\\core\\db\\pgsql.go:14","msg":"Init Pgsql","service":"alanswap"}
{"level":"info","time":"2025-10-14 09:40:26.463","line":"src\\core\\db\\redis.go:18","msg":"Init Redis","service":"alanswap"}
{"level":"info","time":"2025-10-14 09:40:26.476","line":"src\\core\\db\\redis.go:33","msg":"Redis connect success","service":"alanswap"}
{"level":"info","time":"2025-10-14 09:40:26.476","line":"src\\core\\app.go:78","msg":"正在初始化链客户端","service":"alanswap","chain_id":11155111,"endpoint":"https://sepolia.infura.io/v3/96a918f215974f62b5db9a1907540819"}
{"level":"info","time":"2025-10-14 09:40:26.476","line":"src\\core\\app.go:86","msg":"链客户端初始化成功","service":"alanswap","chain_id":11155111}
{"level":"info","time":"2025-10-14 09:40:26.477","line":"src\\abi\\abi_manager.go:62","msg":"ABI加载成功","service":"alanswap","abiName":"UniswapV2Pair"}
{"level":"info","time":"2025-10-14 09:40:26.478","line":"src\\abi\\abi_manager.go:62","msg":"ABI加载成功","service":"alanswap","abiName":"ERC20"}
{"level":"info","time":"2025-10-14 09:40:26.479","line":"src\\abi\\abi_manager.go:62","msg":"ABI加载成功","service":"alanswap","abiName":"UniswapV2Factory"}
{"level":"info","time":"2025-10-14 09:40:26.479","line":"src\\abi\\abi_manager.go:116","msg":"ABI管理器初始化完成","service":"alanswap"}
{"level":"info","time":"2025-10-14 09:40:26.481","line":"src\\app\\sync\\sync.go:37","msg":"开始启动统一事件监听","service":"alanswap","chain_count":1}
{"level":"info","time":"2025-10-14 09:40:26.481","line":"src\\app\\sync\\sync.go:51","msg":"启动统一事件监听","service":"alanswap","chain_id":11155111}
{"level":"info","time":"2025-10-14 09:40:39.425","line":"src\\app\\sync\\sync.go:103","msg":"开始监听事件日志","service":"alanswap","from_block":9390652,"to_block":9391652,"contract_address":"0x72e46e15ef83c896de44B1874B4AF7dDAB5b4F74"}
{"level":"info","time":"2025-10-14 09:40:50.718","line":"src\\app\\sync\\sync.go:103","msg":"开始监听事件日志","service":"alanswap","from_block":9390652,"to_block":9391652,"contract_address":"0x72e46e15ef83c896de44B1874B4AF7dDAB5b4F74"}
{"level":"info","time":"2025-10-14 09:41:02.712","line":"src\\app\\sync\\sync.go:103","msg":"开始监听事件日志","service":"alanswap","from_block":9390652,"to_block":9391652,"contract_address":"0x72e46e15ef83c896de44B1874B4AF7dDAB5b4F74"}
{"level":"info","time":"2025-10-14 09:41:14.731","line":"src\\app\\sync\\sync.go:103","msg":"开始监听事件日志","service":"alanswap","from_block":9390652,"to_block":9391652,"contract_address":"0x72e46e15ef83c896de44B1874B4AF7dDAB5b4F74"}
{"level":"info","time":"2025-10-14 09:41:26.731","line":"src\\app\\sync\\sync.go:103","msg":"开始监听事件日志","service":"alanswap","from_block":9390652,"to_block":9391652,"contract_address":"0x72e46e15ef83c896de44B1874B4AF7dDAB5b4F74"}
{"level":"info","time":"2025-10-14 09:41:38.713","line":"src\\app\\sync\\sync.go:103","msg":"开始监听事件日志","service":"alanswap","from_block":9390652,"to_block":9391652,"contract_address":"0x72e46e15ef83c896de44B1874B4AF7dDAB5b4F74"}
{"level":"info","time":"2025-10-14 09:41:50.713","line":"src\\app\\sync\\sync.go:103","msg":"开始监听事件日志","service":"alanswap","from_block":9390652,"to_block":9391652,"contract_address":"0x72e46e15ef83c896de44B1874B4AF7dDAB5b4F74"}
{"level":"info","time":"2025-10-14 09:42:02.714","line":"src\\app\\sync\\sync.go:103","msg":"开始监听事件日志","service":"alanswap","from_block":9390652,"to_block":9391652,"contract_address":"0x72e46e15ef83c896de44B1874B4AF7dDAB5b4F74"}
{"level":"info","time":"2025-10-14 09:42:33.756","line":"src\\core\\app.go:59","msg":"init pprof","service":"alanswap"}
{"level":"info","time":"2025-10-14 09:42:33.756","line":"src\\core\\db\\pgsql.go:14","msg":"Init Pgsql","service":"alanswap"}
{"level":"info","time":"2025-10-14 09:42:33.779","line":"src\\core\\db\\redis.go:18","msg":"Init Redis","service":"alanswap"}
{"level":"info","time":"2025-10-14 09:42:33.783","line":"src\\core\\db\\redis.go:33","msg":"Redis connect success","service":"alanswap"}
{"level":"info","time":"2025-10-14 09:42:33.784","line":"src\\core\\app.go:78","msg":"正在初始化链客户端","service":"alanswap","chain_id":11155111,"endpoint":"https://sepolia.infura.io/v3/96a918f215974f62b5db9a1907540819"}
{"level":"info","time":"2025-10-14 09:42:33.784","line":"src\\core\\app.go:86","msg":"链客户端初始化成功","service":"alanswap","chain_id":11155111}
{"level":"info","time":"2025-10-14 09:42:33.786","line":"src\\abi\\abi_manager.go:62","msg":"ABI加载成功","service":"alanswap","abiName":"UniswapV2Pair"}
{"level":"info","time":"2025-10-14 09:42:33.786","line":"src\\abi\\abi_manager.go:62","msg":"ABI加载成功","service":"alanswap","abiName":"ERC20"}
{"level":"info","time":"2025-10-14 09:42:33.787","line":"src\\abi\\abi_manager.go:62","msg":"ABI加载成功","service":"alanswap","abiName":"UniswapV2Factory"}
{"level":"info","time":"2025-10-14 09:42:33.787","line":"src\\abi\\abi_manager.go:116","msg":"ABI管理器初始化完成","service":"alanswap"}
{"level":"info","time":"2025-10-14 09:42:33.791","line":"src\\app\\sync\\sync.go:37","msg":"开始启动统一事件监听","service":"alanswap","chain_count":1}
{"level":"info","time":"2025-10-14 09:42:33.791","line":"src\\app\\sync\\sync.go:51","msg":"启动统一事件监听","service":"alanswap","chain_id":11155111}
{"level":"info","time":"2025-10-14 09:42:46.673","line":"src\\app\\sync\\sync.go:103","msg":"开始监听事件日志","service":"alanswap","from_block":9386088,"to_block":9387088,"contract_address":"0x72e46e15ef83c896de44B1874B4AF7dDAB5b4F74"}
{"level":"info","time":"2025-10-14 09:42:49.089","line":"src\\app\\sync\\sync.go:176","msg":"解析流动性池事件成功","service":"alanswap","event_count":5}
{"level":"info","time":"2025-10-14 09:42:58.009","line":"src\\app\\sync\\sync.go:103","msg":"开始监听事件日志","service":"alanswap","from_block":9387089,"to_block":9388089,"contract_address":"0x72e46e15ef83c896de44B1874B4AF7dDAB5b4F74"}
{"level":"info","time":"2025-10-14 09:42:59.956","line":"src\\app\\sync\\sync.go:176","msg":"解析流动性池事件成功","service":"alanswap","event_count":4}
{"level":"info","time":"2025-10-14 09:43:10.013","line":"src\\app\\sync\\sync.go:103","msg":"开始监听事件日志","service":"alanswap","from_block":9388090,"to_block":9389090,"contract_address":"0x72e46e15ef83c896de44B1874B4AF7dDAB5b4F74"}
{"level":"info","time":"2025-10-14 09:43:10.663","line":"src\\app\\sync\\sync.go:176","msg":"解析流动性池事件成功","service":"alanswap","event_count":1}
{"level":"info","time":"2025-10-14 09:43:22.007","line":"src\\app\\sync\\sync.go:103","msg":"开始监听事件日志","service":"alanswap","from_block":9389091,"to_block":9390091,"contract_address":"0x72e46e15ef83c896de44B1874B4AF7dDAB5b4F74"}
{"level":"info","time":"2025-10-14 09:43:23.096","line":"src\\app\\sync\\sync.go:176","msg":"解析流动性池事件成功","service":"alanswap","event_count":2}
{"level":"info","time":"2025-10-14 09:43:34.014","line":"src\\app\\sync\\sync.go:103","msg":"开始监听事件日志","service":"alanswap","from_block":9390092,"to_block":9391092,"contract_address":"0x72e46e15ef83c896de44B1874B4AF7dDAB5b4F74"}
{"level":"info","time":"2025-10-14 09:43:35.109","line":"src\\app\\sync\\sync.go:176","msg":"解析流动性池事件成功","service":"alanswap","event_count":2}
{"level":"info","time":"2025-10-14 09:43:46.011","line":"src\\app\\sync\\sync.go:103","msg":"开始监听事件日志","service":"alanswap","from_block":9391093,"to_block":9392093,"contract_address":"0x72e46e15ef83c896de44B1874B4AF7dDAB5b4F74"}
{"level":"info","time":"2025-10-14 12:55:23.674","line":"src\\core\\app.go:59","msg":"init pprof","service":"alanswap"}
{"level":"info","time":"2025-10-14 12:55:23.674","line":"src\\core\\db\\pgsql.go:14","msg":"Init Pgsql","service":"alanswap"}
{"level":"info","time":"2025-10-14 12:55:23.703","line":"src\\core\\db\\redis.go:18","msg":"Init Redis","service":"alanswap"}
{"level":"info","time":"2025-10-14 12:55:23.718","line":"src\\core\\db\\redis.go:33","msg":"Redis connect success","service":"alanswap"}
{"level":"info","time":"2025-10-14 12:55:23.718","line":"src\\core\\app.go:78","msg":"正在初始化链客户端","service":"alanswap","chain_id":11155111,"endpoint":"https://sepolia.infura.io/v3/96a918f215974f62b5db9a1907540819"}
{"level":"info","time":"2025-10-14 12:55:23.718","line":"src\\core\\app.go:86","msg":"链客户端初始化成功","service":"alanswap","chain_id":11155111}
{"level":"info","time":"2025-10-14 12:55:23.719","line":"src\\abi\\abi_manager.go:62","msg":"ABI加载成功","service":"alanswap","abiName":"UniswapV2Pair"}
{"level":"info","time":"2025-10-14 12:55:23.719","line":"src\\abi\\abi_manager.go:62","msg":"ABI加载成功","service":"alanswap","abiName":"ERC20"}
{"level":"info","time":"2025-10-14 12:55:23.719","line":"src\\abi\\abi_manager.go:62","msg":"ABI加载成功","service":"alanswap","abiName":"UniswapV2Factory"}
{"level":"info","time":"2025-10-14 12:55:23.719","line":"src\\abi\\abi_manager.go:116","msg":"ABI管理器初始化完成","service":"alanswap"}
{"level":"info","time":"2025-10-14 12:57:15.215","line":"src\\core\\gin\\middleware\\http_log.go:79","msg":"Go-End","service":"alanswap","status":500,"method":"GET","function":"github.com/mumu/cryptoSwap/src/app/api.(*LiquidityPoolApi).GetLiquidityStats-fm","path":"/api/v1/liquidity/stats","query":"userAddress=0xeE567Fe1712Faf6149d80dA1E6934E354124CfE3&chainId=11155111&period=24h","ip":"::1","user-agent":"PostmanRuntime/7.44.1","token":"","content-type":"","latency":24,"request":"","response":"{\"error\":\"ERROR: function curdate() does not exist (SQLSTATE 42883)\"}"}
{"level":"info","time":"2025-10-14 12:59:38.592","line":"src\\core\\app.go:59","msg":"init pprof","service":"alanswap"}
{"level":"info","time":"2025-10-14 12:59:38.593","line":"src\\core\\db\\pgsql.go:14","msg":"Init Pgsql","service":"alanswap"}
{"level":"info","time":"2025-10-14 12:59:38.616","line":"src\\core\\db\\redis.go:18","msg":"Init Redis","service":"alanswap"}
{"level":"info","time":"2025-10-14 12:59:38.622","line":"src\\core\\db\\redis.go:33","msg":"Redis connect success","service":"alanswap"}
{"level":"info","time":"2025-10-14 12:59:38.622","line":"src\\core\\app.go:78","msg":"正在初始化链客户端","service":"alanswap","chain_id":11155111,"endpoint":"https://sepolia.infura.io/v3/96a918f215974f62b5db9a1907540819"}
{"level":"info","time":"2025-10-14 12:59:38.623","line":"src\\core\\app.go:86","msg":"链客户端初始化成功","service":"alanswap","chain_id":11155111}
{"level":"info","time":"2025-10-14 12:59:38.624","line":"src\\abi\\abi_manager.go:62","msg":"ABI加载成功","service":"alanswap","abiName":"UniswapV2Pair"}
{"level":"info","time":"2025-10-14 12:59:38.625","line":"src\\abi\\abi_manager.go:62","msg":"ABI加载成功","service":"alanswap","abiName":"ERC20"}
{"level":"info","time":"2025-10-14 12:59:38.625","line":"src\\abi\\abi_manager.go:62","msg":"ABI加载成功","service":"alanswap","abiName":"UniswapV2Factory"}
{"level":"info","time":"2025-10-14 12:59:38.625","line":"src\\abi\\abi_manager.go:116","msg":"ABI管理器初始化完成","service":"alanswap"}
{"level":"info","time":"2025-10-14 13:00:31.964","line":"src\\core\\gin\\middleware\\http_log.go:79","msg":"Go-End","service":"alanswap","status":200,"method":"GET","function":"github.com/mumu/cryptoSwap/src/app/api.(*LiquidityPoolApi).GetLiquidityStats-fm","path":"/api/v1/liquidity/stats","query":"userAddress=0xeE567Fe1712Faf6149d80dA1E6934E354124CfE3&chainId=11155111&period=24h","ip":"::1","user-agent":"PostmanRuntime/7.44.1","token":"","content-type":"","latency":23,"request":"","response":"{\"myLiquidityValue\":\"$79704584.24\",\"myLiquidityPeriodChange\":\"+0.0%\",\"totalFees\":\"$876554321542221.75\",\"totalFeesTodayChange\":\"+$53104679.24\",\"activePoolsCount\":1,\"totalPoolsCount\":1}"}
{"level":"info","time":"2025-10-14 21:27:59.844","line":"src\\core\\app.go:59","msg":"init pprof","service":"alanswap"}
{"level":"info","time":"2025-10-14 21:27:59.845","line":"src\\core\\db\\pgsql.go:14","msg":"Init Pgsql","service":"alanswap"}
{"level":"info","time":"2025-10-14 21:27:59.870","line":"src\\core\\db\\redis.go:18","msg":"Init Redis","service":"alanswap"}
{"level":"info","time":"2025-10-14 21:27:59.880","line":"src\\core\\db\\redis.go:33","msg":"Redis connect success","service":"alanswap"}
{"level":"info","time":"2025-10-14 21:27:59.880","line":"src\\core\\app.go:78","msg":"正在初始化链客户端","service":"alanswap","chain_id":11155111,"endpoint":"https://sepolia.infura.io/v3/96a918f215974f62b5db9a1907540819"}
{"level":"info","time":"2025-10-14 21:27:59.880","line":"src\\core\\app.go:86","msg":"链客户端初始化成功","service":"alanswap","chain_id":11155111}
{"level":"info","time":"2025-10-14 21:27:59.881","line":"src\\abi\\abi_manager.go:62","msg":"ABI加载成功","service":"alanswap","abiName":"ERC20"}
{"level":"info","time":"2025-10-14 21:27:59.882","line":"src\\abi\\abi_manager.go:62","msg":"ABI加载成功","service":"alanswap","abiName":"UniswapV2Factory"}
{"level":"info","time":"2025-10-14 21:27:59.882","line":"src\\abi\\abi_manager.go:62","msg":"ABI加载成功","service":"alanswap","abiName":"UniswapV2Pair"}
{"level":"info","time":"2025-10-14 21:27:59.883","line":"src\\abi\\abi_manager.go:116","msg":"ABI管理器初始化完成","service":"alanswap"}
{"level":"info","time":"2025-10-14 21:33:05.646","line":"src\\core\\gin\\middleware\\http_log.go:79","msg":"Go-End","service":"alanswap","status":200,"method":"GET","function":"github.com/mumu/cryptoSwap/src/app/api.(*LiquidityPoolApi).GetRewardDistribution-fm","path":"/api/v1/liquidity/rewardDistribution","query":"walletAddress=0xeE567Fe1712Faf6149d80dA1E6934E354124CfE3","ip":"::1","user-agent":"PostmanRuntime/7.44.1","token":"","content-type":"","latency":14,"request":"","response":"{\"trace_id\":\"\",\"code\":0,\"msg\":\"OK\",\"data\":{\"rewardDistribution\":[{\"poolPair\":\"USDC/WETH\",\"rewardAmount\":\"$65.95\",\"icon\":\"https://example.com\",\"growthRate\":\"+100.0%\"}]}}"}
{"level":"info","time":"2025-10-14 21:34:51.937","line":"src\\core\\gin\\middleware\\http_log.go:79","msg":"Go-End","service":"alanswap","status":200,"method":"GET","function":"github.com/mumu/cryptoSwap/src/app/api.(*LiquidityPoolApi).GetLiquidityStats-fm","path":"/api/v1/liquidity/stats","query":"userAddress=0xeE567Fe1712Faf6149d80dA1E6934E354124CfE3&chainId=11155111&period=24h","ip":"::1","user-agent":"PostmanRuntime/7.44.1","token":"","content-type":"","latency":18,"request":"","response":"{\"myLiquidityValue\":\"$79704584.24\",\"myLiquidityPeriodChange\":\"+0.0%\",\"totalFees\":\"$876554321542221.75\",\"totalFeesTodayChange\":\"+$53104679.24\",\"activePoolsCount\":1,\"totalPoolsCount\":1}"}
{"level":"info","time":"2025-10-14 21:38:31.987","line":"src\\core\\app.go:59","msg":"init pprof","service":"alanswap"}
{"level":"info","time":"2025-10-14 21:38:31.987","line":"src\\core\\db\\pgsql.go:14","msg":"Init Pgsql","service":"alanswap"}
{"level":"info","time":"2025-10-14 21:38:32.007","line":"src\\core\\db\\redis.go:18","msg":"Init Redis","service":"alanswap"}
{"level":"info","time":"2025-10-14 21:38:32.017","line":"src\\core\\db\\redis.go:33","msg":"Redis connect success","service":"alanswap"}
{"level":"info","time":"2025-10-14 21:38:32.017","line":"src\\core\\app.go:78","msg":"正在初始化链客户端","service":"alanswap","chain_id":11155111,"endpoint":"https://sepolia.infura.io/v3/96a918f215974f62b5db9a1907540819"}
{"level":"info","time":"2025-10-14 21:38:32.017","line":"src\\core\\app.go:86","msg":"链客户端初始化成功","service":"alanswap","chain_id":11155111}
{"level":"info","time":"2025-10-14 21:38:32.019","line":"src\\abi\\abi_manager.go:62","msg":"ABI加载成功","service":"alanswap","abiName":"UniswapV2Pair"}
{"level":"info","time":"2025-10-14 21:38:32.019","line":"src\\abi\\abi_manager.go:62","msg":"ABI加载成功","service":"alanswap","abiName":"ERC20"}
{"level":"info","time":"2025-10-14 21:38:32.020","line":"src\\abi\\abi_manager.go:62","msg":"ABI加载成功","service":"alanswap","abiName":"UniswapV2Factory"}
{"level":"info","time":"2025-10-14 21:38:32.020","line":"src\\abi\\abi_manager.go:116","msg":"ABI管理器初始化完成","service":"alanswap"}
{"level":"info","time":"2025-10-14 21:38:36.714","line":"src\\core\\gin\\middleware\\http_log.go:79","msg":"Go-End","service":"alanswap","status":200,"method":"GET","function":"github.com/mumu/cryptoSwap/src/app/api.(*LiquidityPoolApi).GetLiquidityStats-fm","path":"/api/v1/liquidity/stats","query":"userAddress=0xeE567Fe1712Faf6149d80dA1E6934E354124CfE3&chainId=11155111&period=24h","ip":"::1","user-agent":"PostmanRuntime/7.44.1","token":"","content-type":"","latency":21,"request":"","response":"{\"myLiquidityValue\":\"$79704584.24\",\"myLiquidityPeriodChange\":\"+0.0%\",\"totalFees\":\"$876554321542221.75\",\"totalFeesTodayChange\":\"+$53104679.24\",\"activePoolsCount\":1,\"totalPoolsCount\":1}{\"trace_id\":\"\",\"code\":0,\"msg\":\"OK\",\"data\":{\"activePoolsCount\":1,\"myLiquidityPeriodChange\":\"+0.0%\",\"myLiquidityValue\":\"$79704584.24\",\"totalFees\":\"$876554321542221.75\",\"totalFeesTodayChange\":\"+$53104679.24\",\"totalPoolsCount\":1}}"}
{"level":"info","time":"2025-10-14 21:38:47.315","line":"src\\core\\gin\\middleware\\http_log.go:79","msg":"Go-End","service":"alanswap","status":200,"method":"GET","function":"github.com/mumu/cryptoSwap/src/app/api.(*LiquidityPoolApi).GetLiquidityStats-fm","path":"/api/v1/liquidity/stats","query":"userAddress=0xeE567Fe1712Faf6149d80dA1E6934E354124CfE3&chainId=11155111&period=24h","ip":"::1","user-agent":"PostmanRuntime/7.44.1","token":"","content-type":"","latency":12,"request":"","response":"{\"myLiquidityValue\":\"$79704584.24\",\"myLiquidityPeriodChange\":\"+0.0%\",\"totalFees\":\"$876554321542221.75\",\"totalFeesTodayChange\":\"+$53104679.24\",\"activePoolsCount\":1,\"totalPoolsCount\":1}{\"trace_id\":\"\",\"code\":0,\"msg\":\"OK\",\"data\":{\"activePoolsCount\":1,\"myLiquidityPeriodChange\":\"+0.0%\",\"myLiquidityValue\":\"$79704584.24\",\"totalFees\":\"$876554321542221.75\",\"totalFeesTodayChange\":\"+$53104679.24\",\"totalPoolsCount\":1}}"}
{"level":"info","time":"2025-10-14 21:38:49.055","line":"src\\core\\gin\\middleware\\http_log.go:79","msg":"Go-End","service":"alanswap","status":200,"method":"GET","function":"github.com/mumu/cryptoSwap/src/app/api.(*LiquidityPoolApi).GetLiquidityStats-fm","path":"/api/v1/liquidity/stats","query":"userAddress=0xeE567Fe1712Faf6149d80dA1E6934E354124CfE3&chainId=11155111&period=24h","ip":"::1","user-agent":"PostmanRuntime/7.44.1","token":"","content-type":"","latency":10,"request":"","response":"{\"myLiquidityValue\":\"$79704584.24\",\"myLiquidityPeriodChange\":\"+0.0%\",\"totalFees\":\"$876554321542221.75\",\"totalFeesTodayChange\":\"+$53104679.24\",\"activePoolsCount\":1,\"totalPoolsCount\":1}{\"trace_id\":\"\",\"code\":0,\"msg\":\"OK\",\"data\":{\"activePoolsCount\":1,\"myLiquidityPeriodChange\":\"+0.0%\",\"myLiquidityValue\":\"$79704584.24\",\"totalFees\":\"$876554321542221.75\",\"totalFeesTodayChange\":\"+$53104679.24\",\"totalPoolsCount\":1}}"}
{"level":"info","time":"2025-10-14 21:38:54.229","line":"src\\core\\app.go:59","msg":"init pprof","service":"alanswap"}
{"level":"info","time":"2025-10-14 21:38:54.230","line":"src\\core\\db\\pgsql.go:14","msg":"Init Pgsql","service":"alanswap"}
{"level":"info","time":"2025-10-14 21:38:54.250","line":"src\\core\\db\\redis.go:18","msg":"Init Redis","service":"alanswap"}
{"level":"info","time":"2025-10-14 21:38:54.261","line":"src\\core\\db\\redis.go:33","msg":"Redis connect success","service":"alanswap"}
{"level":"info","time":"2025-10-14 21:38:54.261","line":"src\\core\\app.go:78","msg":"正在初始化链客户端","service":"alanswap","chain_id":11155111,"endpoint":"https://sepolia.infura.io/v3/96a918f215974f62b5db9a1907540819"}
{"level":"info","time":"2025-10-14 21:38:54.261","line":"src\\core\\app.go:86","msg":"链客户端初始化成功","service":"alanswap","chain_id":11155111}
{"level":"info","time":"2025-10-14 21:38:54.263","line":"src\\abi\\abi_manager.go:62","msg":"ABI加载成功","service":"alanswap","abiName":"UniswapV2Pair"}
{"level":"info","time":"2025-10-14 21:38:54.263","line":"src\\abi\\abi_manager.go:62","msg":"ABI加载成功","service":"alanswap","abiName":"ERC20"}
{"level":"info","time":"2025-10-14 21:38:54.263","line":"src\\abi\\abi_manager.go:62","msg":"ABI加载成功","service":"alanswap","abiName":"UniswapV2Factory"}
{"level":"info","time":"2025-10-14 21:38:54.263","line":"src\\abi\\abi_manager.go:116","msg":"ABI管理器初始化完成","service":"alanswap"}
{"level":"info","time":"2025-10-14 21:38:58.885","line":"src\\core\\gin\\middleware\\http_log.go:79","msg":"Go-End","service":"alanswap","status":200,"method":"GET","function":"github.com/mumu/cryptoSwap/src/app/api.(*LiquidityPoolApi).GetLiquidityStats-fm","path":"/api/v1/liquidity/stats","query":"userAddress=0xeE567Fe1712Faf6149d80dA1E6934E354124CfE3&chainId=11155111&period=24h","ip":"::1","user-agent":"PostmanRuntime/7.44.1","token":"","content-type":"","latency":19,"request":"","response":"{\"trace_id\":\"\",\"code\":0,\"msg\":\"OK\",\"data\":{\"activePoolsCount\":1,\"myLiquidityPeriodChange\":\"+0.0%\",\"myLiquidityValue\":\"$79704584.24\",\"totalFees\":\"$876554321542221.75\",\"totalFeesTodayChange\":\"+$53104679.24\",\"totalPoolsCount\":1}}"}
{"level":"info","time":"2025-10-14 21:39:59.089","line":"src\\core\\gin\\middleware\\http_log.go:79","msg":"Go-End","service":"alanswap","status":200,"method":"GET","function":"github.com/mumu/cryptoSwap/src/app/api.(*LiquidityPoolApi).GetPoolPerformance-fm","path":"/api/v1/liquidity/poolPerformance","query":"walletAddress=0xeE567Fe1712Faf6149d80dA1E6934E354124CfE3","ip":"::1","user-agent":"PostmanRuntime/7.44.1","token":"","content-type":"","latency":5,"request":"","response":"{\"trace_id\":\"\",\"code\":0,\"msg\":\"OK\",\"data\":{\"poolPerformance\":[{\"poolPair\":\"USDC/WETH\",\"24hVolume\":\"$22.0K\"}]}}"}
{"level":"info","time":"2025-10-14 21:42:40.807","line":"src\\core\\gin\\middleware\\http_log.go:79","msg":"Go-End","service":"alanswap","status":404,"method":"GET","function":"github.com/gin-contrib/cors.New.func1","path":"/api/v1/liquidity/pools\n","query":"walletAddress=0xeE567Fe1712Faf6149d80dA1E6934E354124CfE3&page=1&pageSize=20&poolType=my","ip":"::1","user-agent":"PostmanRuntime/7.44.1","token":"","content-type":"","latency":0,"request":"","response":""}
{"level":"info","time":"2025-10-14 21:42:56.640","line":"src\\core\\gin\\middleware\\http_log.go:79","msg":"Go-End","service":"alanswap","status":404,"method":"GET","function":"github.com/gin-contrib/cors.New.func1","path":"/api/v1/liquidity/pools","query":"walletAddress=0xeE567Fe1712Faf6149d80dA1E6934E354124CfE3&page=1&pageSize=20&poolType=my","ip":"::1","user-agent":"PostmanRuntime/7.44.1","token":"","content-type":"","latency":0,"request":"","response":""}
{"level":"info","time":"2025-10-14 21:43:04.768","line":"src\\core\\gin\\middleware\\http_log.go:79","msg":"Go-End","service":"alanswap","status":404,"method":"GET","function":"github.com/gin-contrib/cors.New.func1","path":"/api/v1/liquidity/pools","query":"walletAddress=0xeE567Fe1712Faf6149d80dA1E6934E354124CfE3&page=1&pageSize=20&poolType=all","ip":"::1","user-agent":"PostmanRuntime/7.44.1","token":"","content-type":"","latency":0,"request":"","response":""}
{"level":"info","time":"2025-10-14 21:43:46.089","line":"src\\core\\gin\\middleware\\http_log.go:79","msg":"Go-End","service":"alanswap","status":404,"method":"GET","function":"github.com/gin-contrib/cors.New.func1","path":"/api/v1/liquidity/pools","query":"userAddress=0xeE567Fe1712Faf6149d80dA1E6934E354124CfE3&page=1&pageSize=20&poolType=my","ip":"::1","user-agent":"PostmanRuntime/7.44.1","token":"","content-type":"","latency":0,"request":"","response":""}
{"level":"info","time":"2025-10-14 21:43:46.883","line":"src\\core\\gin\\middleware\\http_log.go:79","msg":"Go-End","service":"alanswap","status":404,"method":"GET","function":"github.com/gin-contrib/cors.New.func1","path":"/api/v1/liquidity/pools","query":"userAddress=0xeE567Fe1712Faf6149d80dA1E6934E354124CfE3&page=1&pageSize=20&poolType=my","ip":"::1","user-agent":"PostmanRuntime/7.44.1","token":"","content-type":"","latency":0,"request":"","response":""}
{"level":"info","time":"2025-10-14 21:43:53.542","line":"src\\core\\gin\\middleware\\http_log.go:79","msg":"Go-End","service":"alanswap","status":404,"method":"GET","function":"github.com/gin-contrib/cors.New.func1","path":"/api/v1/liquidity/pools","query":"walletAddress=0xeE567Fe1712Faf6149d80dA1E6934E354124CfE3&page=1&pageSize=20&poolType=my","ip":"::1","user-agent":"PostmanRuntime/7.44.1","token":"","content-type":"","latency":0,"request":"","response":""}
{"level":"info","time":"2025-10-14 21:44:30.947","line":"src\\core\\gin\\middleware\\http_log.go:79","msg":"Go-End","service":"alanswap","status":404,"method":"GET","function":"github.com/gin-contrib/cors.New.func1","path":"/api/v1/liquidity/pools","query":"walletAddress=0xeE567Fe1712Faf6149d80dA1E6934E354124CfE3&page=1&pageSize=20&poolType=my","ip":"::1","user-agent":"PostmanRuntime/7.44.1","token":"","content-type":"","latency":0,"request":"","response":""}
{"level":"info","time":"2025-10-14 21:45:05.541","line":"src\\core\\gin\\middleware\\http_log.go:79","msg":"Go-End","service":"alanswap","status":200,"method":"POST","function":"github.com/mumu/cryptoSwap/src/app/api.(*LiquidityPoolApi).PostLiquidityPools-fm","path":"/api/v1/liquidity/pools","query":"walletAddress=0xeE567Fe1712Faf6149d80dA1E6934E354124CfE3&page=1&pageSize=20&poolType=my","ip":"::1","user-agent":"PostmanRuntime/7.44.1","token":"","content-type":"","latency":0,"request":"","response":"{\"trace_id\":\"\",\"code\":100100,\"msg\":\"Invalid parameters\",\"data\":null}"}
{"level":"info","time":"2025-10-14 21:45:31.684","line":"src\\core\\gin\\middleware\\http_log.go:79","msg":"Go-End","service":"alanswap","status":200,"method":"POST","function":"github.com/mumu/cryptoSwap/src/app/api.(*LiquidityPoolApi).PostLiquidityPools-fm","path":"/api/v1/liquidity/pools","query":"walletAddress=0xeE567Fe1712Faf6149d80dA1E6934E354124CfE3&page=1&pageSize=20&poolType=all","ip":"::1","user-agent":"PostmanRuntime/7.44.1","token":"","content-type":"","latency":0,"request":"","response":"{\"trace_id\":\"\",\"code\":100100,\"msg\":\"Invalid parameters\",\"data\":null}"}
{"level":"info","time":"2025-10-14 22:52:37.995","line":"src\\core\\app.go:59","msg":"init pprof","service":"alanswap"}
{"level":"info","time":"2025-10-14 22:52:37.996","line":"src\\core\\db\\pgsql.go:14","msg":"Init Pgsql","service":"alanswap"}
{"level":"info","time":"2025-10-14 22:52:38.086","line":"src\\core\\db\\redis.go:18","msg":"Init Redis","service":"alanswap"}
{"level":"info","time":"2025-10-14 22:52:38.124","line":"src\\core\\db\\redis.go:33","msg":"Redis connect success","service":"alanswap"}
{"level":"info","time":"2025-10-14 22:52:38.125","line":"src\\core\\app.go:78","msg":"正在初始化链客户端","service":"alanswap","chain_id":11155111,"endpoint":"https://sepolia.infura.io/v3/96a918f215974f62b5db9a1907540819"}
{"level":"info","time":"2025-10-14 22:52:38.125","line":"src\\core\\app.go:86","msg":"链客户端初始化成功","service":"alanswap","chain_id":11155111}
{"level":"info","time":"2025-10-14 22:52:38.132","line":"src\\abi\\abi_manager.go:62","msg":"ABI加载成功","service":"alanswap","abiName":"UniswapV2Pair"}
{"level":"info","time":"2025-10-14 22:52:38.134","line":"src\\abi\\abi_manager.go:62","msg":"ABI加载成功","service":"alanswap","abiName":"ERC20"}
{"level":"info","time":"2025-10-14 22:52:38.136","line":"src\\abi\\abi_manager.go:62","msg":"ABI加载成功","service":"alanswap","abiName":"UniswapV2Factory"}
{"level":"info","time":"2025-10-14 22:52:38.136","line":"src\\abi\\abi_manager.go:116","msg":"ABI管理器初始化完成","service":"alanswap"}
{"level":"info","time":"2025-10-14 22:52:44.020","line":"src\\core\\gin\\middleware\\http_log.go:79","msg":"Go-End","service":"alanswap","status":200,"method":"GET","function":"github.com/mumu/cryptoSwap/src/app/api.(*LiquidityPoolApi).PostLiquidityPools-fm","path":"/api/v1/liquidity/pools","query":"walletAddress=0xeE567Fe1712Faf6149d80dA1E6934E354124CfE3&page=1&pageSize=20&poolType=all","ip":"::1","user-agent":"PostmanRuntime/7.44.1","token":"","content-type":"","latency":0,"request":"","response":"{\"trace_id\":\"\",\"code\":100100,\"msg\":\"Invalid parameters\",\"data\":null}"}
{"level":"info","time":"2025-10-14 22:53:52.866","line":"src\\core\\gin\\middleware\\http_log.go:79","msg":"Go-End","service":"alanswap","status":200,"method":"GET","function":"github.com/mumu/cryptoSwap/src/app/api.(*LiquidityPoolApi).PostLiquidityPools-fm","path":"/api/v1/liquidity/pools","query":"walletAddress=0xeE567Fe1712Faf6149d80dA1E6934E354124CfE3&page=1&pageSize=20&poolType=all","ip":"::1","user-agent":"PostmanRuntime/7.44.1","token":"","content-type":"text/plain","latency":17,"request":"{\r\n  \"walletAddress\": \"0xeE567Fe1712Faf6149d80dA1E6934E354124CfE3\", \r\n  \"page\": 1,                    \r\n  \"pageSize\": 20,              \r\n  \"poolType\": \"all\"            \r\n}\r\n","response":"{\"trace_id\":\"\",\"code\":0,\"msg\":\"OK\",\"data\":{\"list\":[{\"poolId\":\"3\",\"poolName\":\"USDC/WETH\",\"icon\":\"https://example.com\",\"apy\":\"4.5%\",\"24hVolume\":\"$22.0K\",\"24hFees\":\"$65.95\"}],\"total\":1}}"}
{"level":"info","time":"2025-10-14 23:53:19.872","line":"src\\core\\app.go:59","msg":"init pprof","service":"alanswap"}
{"level":"info","time":"2025-10-14 23:53:19.872","line":"src\\core\\db\\pgsql.go:14","msg":"Init Pgsql","service":"alanswap"}
{"level":"info","time":"2025-10-14 23:53:19.899","line":"src\\core\\db\\redis.go:18","msg":"Init Redis","service":"alanswap"}
{"level":"info","time":"2025-10-14 23:53:19.914","line":"src\\core\\db\\redis.go:33","msg":"Redis connect success","service":"alanswap"}
{"level":"info","time":"2025-10-14 23:53:19.914","line":"src\\core\\app.go:78","msg":"正在初始化链客户端","service":"alanswap","chain_id":11155111,"endpoint":"https://sepolia.infura.io/v3/96a918f215974f62b5db9a1907540819"}
{"level":"info","time":"2025-10-14 23:53:19.914","line":"src\\core\\app.go:86","msg":"链客户端初始化成功","service":"alanswap","chain_id":11155111}
{"level":"info","time":"2025-10-14 23:53:19.915","line":"src\\abi\\abi_manager.go:62","msg":"ABI加载成功","service":"alanswap","abiName":"ERC20"}
{"level":"info","time":"2025-10-14 23:53:19.916","line":"src\\abi\\abi_manager.go:62","msg":"ABI加载成功","service":"alanswap","abiName":"UniswapV2Factory"}
{"level":"info","time":"2025-10-14 23:53:19.917","line":"src\\abi\\abi_manager.go:62","msg":"ABI加载成功","service":"alanswap","abiName":"UniswapV2Pair"}
{"level":"info","time":"2025-10-14 23:53:19.917","line":"src\\abi\\abi_manager.go:116","msg":"ABI管理器初始化完成","service":"alanswap"}
{"level":"info","time":"2025-10-14 23:53:37.172","line":"src\\core\\gin\\middleware\\http_log.go:79","msg":"Go-End","service":"alanswap","status":200,"method":"GET","function":"github.com/mumu/cryptoSwap/src/app/api.(*LiquidityPoolApi).GetPoolPerformance-fm","path":"/api/v1/liquidity/poolPerformance","query":"userAddress=0xeE567Fe1712Faf6149d80dA1E6934E354124CfE3&chainId=11155111","ip":"::1","user-agent":"PostmanRuntime/7.48.0","token":"","content-type":"","latency":0,"request":"","response":"{\"trace_id\":\"\",\"code\":100100,\"msg\":\"Invalid parameters\",\"data\":null}"}
{"level":"info","time":"2025-10-14 23:53:40.333","line":"src\\core\\gin\\middleware\\http_log.go:79","msg":"Go-End","service":"alanswap","status":200,"method":"GET","function":"github.com/mumu/cryptoSwap/src/app/api.(*LiquidityPoolApi).GetPoolPerformance-fm","path":"/api/v1/liquidity/poolPerformance","query":"userAddress=0xeE567Fe1712Faf6149d80dA1E6934E354124CfE3&chainId=11155111&period=24h","ip":"::1","user-agent":"PostmanRuntime/7.48.0","token":"","content-type":"","latency":0,"request":"","response":"{\"trace_id\":\"\",\"code\":100100,\"msg\":\"Invalid parameters\",\"data\":null}"}
{"level":"info","time":"2025-10-14 23:53:41.293","line":"src\\core\\gin\\middleware\\http_log.go:79","msg":"Go-End","service":"alanswap","status":200,"method":"GET","function":"github.com/mumu/cryptoSwap/src/app/api.(*LiquidityPoolApi).GetPoolPerformance-fm","path":"/api/v1/liquidity/poolPerformance","query":"userAddress=0xeE567Fe1712Faf6149d80dA1E6934E354124CfE3&chainId=11155111&period=24h","ip":"::1","user-agent":"PostmanRuntime/7.48.0","token":"","content-type":"","latency":0,"request":"","response":"{\"trace_id\":\"\",\"code\":100100,\"msg\":\"Invalid parameters\",\"data\":null}"}
{"level":"info","time":"2025-10-14 23:53:41.940","line":"src\\core\\gin\\middleware\\http_log.go:79","msg":"Go-End","service":"alanswap","status":200,"method":"GET","function":"github.com/mumu/cryptoSwap/src/app/api.(*LiquidityPoolApi).GetPoolPerformance-fm","path":"/api/v1/liquidity/poolPerformance","query":"userAddress=0xeE567Fe1712Faf6149d80dA1E6934E354124CfE3&chainId=11155111&period=24h","ip":"::1","user-agent":"PostmanRuntime/7.48.0","token":"","content-type":"","latency":0,"request":"","response":"{\"trace_id\":\"\",\"code\":100100,\"msg\":\"Invalid parameters\",\"data\":null}"}
{"level":"info","time":"2025-10-14 23:53:44.929","line":"src\\core\\gin\\middleware\\http_log.go:79","msg":"Go-End","service":"alanswap","status":200,"method":"GET","function":"github.com/mumu/cryptoSwap/src/app/api.(*LiquidityPoolApi).GetPoolPerformance-fm","path":"/api/v1/liquidity/poolPerformance","query":"userAddress=0xeE567Fe1712Faf6149d80dA1E6934E354124CfE3&chainId=11155111&period=24h","ip":"::1","user-agent":"PostmanRuntime/7.48.0","token":"","content-type":"","latency":0,"request":"","response":"{\"trace_id\":\"\",\"code\":100100,\"msg\":\"Invalid parameters\",\"data\":null}"}
{"level":"info","time":"2025-10-14 23:53:45.583","line":"src\\core\\gin\\middleware\\http_log.go:79","msg":"Go-End","service":"alanswap","status":200,"method":"GET","function":"github.com/mumu/cryptoSwap/src/app/api.(*LiquidityPoolApi).GetPoolPerformance-fm","path":"/api/v1/liquidity/poolPerformance","query":"userAddress=0xeE567Fe1712Faf6149d80dA1E6934E354124CfE3&chainId=11155111&period=24h","ip":"::1","user-agent":"PostmanRuntime/7.48.0","token":"","content-type":"","latency":0,"request":"","response":"{\"trace_id\":\"\",\"code\":100100,\"msg\":\"Invalid parameters\",\"data\":null}"}
{"level":"info","time":"2025-10-14 23:53:46.045","line":"src\\core\\gin\\middleware\\http_log.go:79","msg":"Go-End","service":"alanswap","status":200,"method":"GET","function":"github.com/mumu/cryptoSwap/src/app/api.(*LiquidityPoolApi).GetPoolPerformance-fm","path":"/api/v1/liquidity/poolPerformance","query":"userAddress=0xeE567Fe1712Faf6149d80dA1E6934E354124CfE3&chainId=11155111&period=24h","ip":"::1","user-agent":"PostmanRuntime/7.48.0","token":"","content-type":"","latency":0,"request":"","response":"{\"trace_id\":\"\",\"code\":100100,\"msg\":\"Invalid parameters\",\"data\":null}"}
{"level":"info","time":"2025-10-14 23:53:53.606","line":"src\\core\\gin\\middleware\\http_log.go:79","msg":"Go-End","service":"alanswap","status":200,"method":"GET","function":"github.com/mumu/cryptoSwap/src/app/api.(*LiquidityPoolApi).GetPoolPerformance-fm","path":"/api/v1/liquidity/poolPerformance","query":"userAddress=0xeE567Fe1712Faf6149d80dA1E6934E354124CfE3&chainId=11155111&period=24h","ip":"::1","user-agent":"PostmanRuntime/7.48.0","token":"","content-type":"","latency":0,"request":"","response":"{\"trace_id\":\"\",\"code\":100100,\"msg\":\"Invalid parameters\",\"data\":null}"}
{"level":"info","time":"2025-10-14 23:53:54.340","line":"src\\core\\gin\\middleware\\http_log.go:79","msg":"Go-End","service":"alanswap","status":200,"method":"GET","function":"github.com/mumu/cryptoSwap/src/app/api.(*LiquidityPoolApi).GetPoolPerformance-fm","path":"/api/v1/liquidity/poolPerformance","query":"userAddress=0xeE567Fe1712Faf6149d80dA1E6934E354124CfE3&chainId=11155111&period=24h","ip":"::1","user-agent":"PostmanRuntime/7.48.0","token":"","content-type":"","latency":0,"request":"","response":"{\"trace_id\":\"\",\"code\":100100,\"msg\":\"Invalid parameters\",\"data\":null}"}
{"level":"info","time":"2025-10-14 23:53:54.900","line":"src\\core\\gin\\middleware\\http_log.go:79","msg":"Go-End","service":"alanswap","status":200,"method":"GET","function":"github.com/mumu/cryptoSwap/src/app/api.(*LiquidityPoolApi).GetPoolPerformance-fm","path":"/api/v1/liquidity/poolPerformance","query":"userAddress=0xeE567Fe1712Faf6149d80dA1E6934E354124CfE3&chainId=11155111&period=24h","ip":"::1","user-agent":"PostmanRuntime/7.48.0","token":"","content-type":"","latency":0,"request":"","response":"{\"trace_id\":\"\",\"code\":100100,\"msg\":\"Invalid parameters\",\"data\":null}"}
{"level":"info","time":"2025-10-14 23:54:00.188","line":"src\\core\\gin\\middleware\\http_log.go:79","msg":"Go-End","service":"alanswap","status":200,"method":"GET","function":"github.com/mumu/cryptoSwap/src/app/api.(*LiquidityPoolApi).GetPoolPerformance-fm","path":"/api/v1/liquidity/poolPerformance","query":"userAddress=0xeE567Fe1712Faf6149d80dA1E6934E354124CfE3","ip":"::1","user-agent":"PostmanRuntime/7.48.0","token":"","content-type":"","latency":0,"request":"","response":"{\"trace_id\":\"\",\"code\":100100,\"msg\":\"Invalid parameters\",\"data\":null}"}
{"level":"info","time":"2025-10-14 23:54:01.151","line":"src\\core\\gin\\middleware\\http_log.go:79","msg":"Go-End","service":"alanswap","status":200,"method":"GET","function":"github.com/mumu/cryptoSwap/src/app/api.(*LiquidityPoolApi).GetPoolPerformance-fm","path":"/api/v1/liquidity/poolPerformance","query":"userAddress=0xeE567Fe1712Faf6149d80dA1E6934E354124CfE3","ip":"::1","user-agent":"PostmanRuntime/7.48.0","token":"","content-type":"","latency":0,"request":"","response":"{\"trace_id\":\"\",\"code\":100100,\"msg\":\"Invalid parameters\",\"data\":null}"}
{"level":"info","time":"2025-10-14 23:54:40.218","line":"src\\core\\gin\\middleware\\http_log.go:79","msg":"Go-End","service":"alanswap","status":200,"method":"GET","function":"github.com/mumu/cryptoSwap/src/app/api.(*LiquidityPoolApi).GetLiquidityStats-fm","path":"/api/v1/liquidity/stats","query":"userAddress=0xeE567Fe1712Faf6149d80dA1E6934E354124CfE3&chainId=11155111&period=24h","ip":"::1","user-agent":"PostmanRuntime/7.48.0","token":"","content-type":"","latency":29,"request":"","response":"{\"trace_id\":\"\",\"code\":0,\"msg\":\"OK\",\"data\":{\"activePoolsCount\":1,\"myLiquidityPeriodChange\":\"+0.0%\",\"myLiquidityValue\":\"$79704584.24\",\"totalFees\":\"$876554321542221.75\",\"totalFeesTodayChange\":\"+$53104679.24\",\"totalPoolsCount\":1}}"}
